<?xml version="1.0" encoding="UTF-8"?>
<!-- Generated by org.testng.reporters.JUnitReportReporter -->
<testsuite skipped="0" hostname="LAPTOP-2IFEJBVE" name="com.qa.test.WeatherAPITest" tests="4" failures="0" timestamp="22 Apr 2021 14:56:48 GMT" time="2.283" errors="0">
  <testcase name="validateResponseCodeTest" time="1.928" classname="com.qa.test.WeatherAPITest"/>
  <testcase name="validateLatitudeLongitudeTest" time="0.214" classname="com.qa.test.WeatherAPITest"/>
  <testcase name="validateTimezoneTest" time="0.006" classname="com.qa.test.WeatherAPITest"/>
  <testcase name="validateWeatherDetailsTest" time="0.135" classname="com.qa.test.WeatherAPITest"/>
</testsuite> <!-- com.qa.test.WeatherAPITest -->
